-- Found ament_cmake: 2.5.3 (/opt/ros/jazzy/share/ament_cmake/cmake)
-- Found ament_lint_auto: 0.17.1 (/opt/ros/jazzy/share/ament_lint_auto/cmake)
-- Added test 'flake8' to check Python code syntax and style conventions
-- Configured 'flake8' exclude dirs and/or files: 
-- Added test 'lint_cmake' to check CMake code style
-- Added test 'pep257' to check Python code against some of the docstring style conventions in PEP 257
-- Added test 'xmllint' to check XML markup files
-- Configuring done (0.4s)
-- Generating done (0.0s)
-- Build files have been written to: /home/shubh_khandelwal/Documents/Projects/Manipulator Control Using Reinforcement Learning/build/manipulator
-- Install configuration: ""
-- Installing: /home/shubh_khandelwal/Documents/Projects/Manipulator Control Using Reinforcement Learning/install/manipulator/share/manipulator/urdf
-- Installing: /home/shubh_khandelwal/Documents/Projects/Manipulator Control Using Reinforcement Learning/install/manipulator/share/manipulator/urdf/manipulator.urdf
[31mCMake Error at cmake_install.cmake:46 (file):
  file INSTALL cannot find
  "/home/shubh_khandelwal/Documents/Projects/Manipulator Control Using
  Reinforcement Learning/src/manipulator/rviz": No such file or directory.

[0m
-- Installing: /home/shubh_khandelwal/Documents/Projects/Manipulator Control Using Reinforcement Learning/install/manipulator/share/manipulator/launch
-- Installing: /home/shubh_khandelwal/Documents/Projects/Manipulator Control Using Reinforcement Learning/install/manipulator/share/manipulator/launch/viewer.launch.py
