[0.374s] DEBUG:colcon:Command line arguments: ['/usr/bin/colcon', 'build']
[0.374s] DEBUG:colcon:Parsed command line arguments: Namespace(log_base=None, log_level=None, verb_name='build', build_base='build', install_base='install', merge_install=False, symlink_install=False, test_result_base=None, continue_on_error=False, executor='parallel', parallel_workers=8, event_handlers=None, ignore_user_meta=False, metas=['./colcon.meta'], base_paths=['.'], packages_ignore=None, packages_ignore_regex=None, paths=None, packages_up_to=None, packages_up_to_regex=None, packages_above=None, packages_above_and_dependencies=None, packages_above_depth=None, packages_select_by_dep=None, packages_skip_by_dep=None, packages_skip_up_to=None, packages_select_build_failed=False, packages_skip_build_finished=False, packages_select_test_failures=False, packages_skip_test_passed=False, packages_select=None, packages_skip=None, packages_select_regex=None, packages_skip_regex=None, packages_start=None, packages_end=None, allow_overriding=[], cmake_args=None, cmake_target=None, cmake_target_skip_unavailable=False, cmake_clean_cache=False, cmake_clean_first=False, cmake_force_configure=False, ament_cmake_args=None, catkin_cmake_args=None, catkin_skip_building_tests=False, mixin_files=None, mixin=None, verb_parser=<colcon_mixin.mixin.mixin_argument.MixinArgumentDecorator object at 0x7f53c6d15a90>, verb_extension=<colcon_core.verb.build.BuildVerb object at 0x7f53c7439af0>, main=<bound method BuildVerb.main of <colcon_core.verb.build.BuildVerb object at 0x7f53c7439af0>>, mixin_verb=('build',))
[0.442s] Level 1:colcon.colcon_core.package_discovery:discover_packages(colcon_meta) check parameters
[0.442s] Level 1:colcon.colcon_core.package_discovery:discover_packages(recursive) check parameters
[0.442s] Level 1:colcon.colcon_core.package_discovery:discover_packages(ignore) check parameters
[0.442s] Level 1:colcon.colcon_core.package_discovery:discover_packages(path) check parameters
[0.442s] Level 1:colcon.colcon_core.package_discovery:discover_packages(colcon_meta) discover
[0.442s] Level 1:colcon.colcon_core.package_discovery:discover_packages(recursive) discover
[0.442s] INFO:colcon.colcon_core.package_discovery:Crawling recursively for packages in '/home/shubh_khandelwal/Documents/Projects/Manipulator Control Using Reinforcement Learning'
[0.442s] Level 1:colcon.colcon_core.package_identification:_identify(.) by extensions ['ignore', 'ignore_ament_install']
[0.442s] Level 1:colcon.colcon_core.package_identification:_identify(.) by extension 'ignore'
[0.442s] Level 1:colcon.colcon_core.package_identification:_identify(.) by extension 'ignore_ament_install'
[0.442s] Level 1:colcon.colcon_core.package_identification:_identify(.) by extensions ['colcon_pkg']
[0.442s] Level 1:colcon.colcon_core.package_identification:_identify(.) by extension 'colcon_pkg'
[0.442s] Level 1:colcon.colcon_core.package_identification:_identify(.) by extensions ['colcon_meta']
[0.443s] Level 1:colcon.colcon_core.package_identification:_identify(.) by extension 'colcon_meta'
[0.443s] Level 1:colcon.colcon_core.package_identification:_identify(.) by extensions ['ros']
[0.443s] Level 1:colcon.colcon_core.package_identification:_identify(.) by extension 'ros'
[0.657s] Level 1:colcon.colcon_core.package_identification:_identify(.) by extensions ['cmake', 'python']
[0.657s] Level 1:colcon.colcon_core.package_identification:_identify(.) by extension 'cmake'
[0.657s] Level 1:colcon.colcon_core.package_identification:_identify(.) by extension 'python'
[0.657s] Level 1:colcon.colcon_core.package_identification:_identify(.) by extensions ['python_setup_py']
[0.657s] Level 1:colcon.colcon_core.package_identification:_identify(.) by extension 'python_setup_py'
[0.658s] Level 1:colcon.colcon_core.package_identification:_identify(build) by extensions ['ignore', 'ignore_ament_install']
[0.658s] Level 1:colcon.colcon_core.package_identification:_identify(build) by extension 'ignore'
[0.658s] Level 1:colcon.colcon_core.package_identification:_identify(build) ignored
[0.658s] Level 1:colcon.colcon_core.package_identification:_identify(install) by extensions ['ignore', 'ignore_ament_install']
[0.658s] Level 1:colcon.colcon_core.package_identification:_identify(install) by extension 'ignore'
[0.658s] Level 1:colcon.colcon_core.package_identification:_identify(install) ignored
[0.658s] Level 1:colcon.colcon_core.package_identification:_identify(log) by extensions ['ignore', 'ignore_ament_install']
[0.658s] Level 1:colcon.colcon_core.package_identification:_identify(log) by extension 'ignore'
[0.658s] Level 1:colcon.colcon_core.package_identification:_identify(log) ignored
[0.658s] Level 1:colcon.colcon_core.package_identification:_identify(src) by extensions ['ignore', 'ignore_ament_install']
[0.659s] Level 1:colcon.colcon_core.package_identification:_identify(src) by extension 'ignore'
[0.659s] Level 1:colcon.colcon_core.package_identification:_identify(src) by extension 'ignore_ament_install'
[0.659s] Level 1:colcon.colcon_core.package_identification:_identify(src) by extensions ['colcon_pkg']
[0.659s] Level 1:colcon.colcon_core.package_identification:_identify(src) by extension 'colcon_pkg'
[0.659s] Level 1:colcon.colcon_core.package_identification:_identify(src) by extensions ['colcon_meta']
[0.659s] Level 1:colcon.colcon_core.package_identification:_identify(src) by extension 'colcon_meta'
[0.659s] Level 1:colcon.colcon_core.package_identification:_identify(src) by extensions ['ros']
[0.659s] Level 1:colcon.colcon_core.package_identification:_identify(src) by extension 'ros'
[0.659s] Level 1:colcon.colcon_core.package_identification:_identify(src) by extensions ['cmake', 'python']
[0.659s] Level 1:colcon.colcon_core.package_identification:_identify(src) by extension 'cmake'
[0.659s] Level 1:colcon.colcon_core.package_identification:_identify(src) by extension 'python'
[0.659s] Level 1:colcon.colcon_core.package_identification:_identify(src) by extensions ['python_setup_py']
[0.659s] Level 1:colcon.colcon_core.package_identification:_identify(src) by extension 'python_setup_py'
[0.659s] Level 1:colcon.colcon_core.package_identification:_identify(src/manipulator) by extensions ['ignore', 'ignore_ament_install']
[0.659s] Level 1:colcon.colcon_core.package_identification:_identify(src/manipulator) by extension 'ignore'
[0.660s] Level 1:colcon.colcon_core.package_identification:_identify(src/manipulator) by extension 'ignore_ament_install'
[0.660s] Level 1:colcon.colcon_core.package_identification:_identify(src/manipulator) by extensions ['colcon_pkg']
[0.660s] Level 1:colcon.colcon_core.package_identification:_identify(src/manipulator) by extension 'colcon_pkg'
[0.660s] Level 1:colcon.colcon_core.package_identification:_identify(src/manipulator) by extensions ['colcon_meta']
[0.660s] Level 1:colcon.colcon_core.package_identification:_identify(src/manipulator) by extension 'colcon_meta'
[0.660s] Level 1:colcon.colcon_core.package_identification:_identify(src/manipulator) by extensions ['ros']
[0.660s] Level 1:colcon.colcon_core.package_identification:_identify(src/manipulator) by extension 'ros'
[0.701s] DEBUG:colcon.colcon_core.package_identification:Package 'src/manipulator' with type 'ros.ament_cmake' and name 'manipulator'
[0.701s] Level 1:colcon.colcon_core.package_discovery:discover_packages(recursive) using defaults
[0.701s] Level 1:colcon.colcon_core.package_discovery:discover_packages(ignore) discover
[0.701s] Level 1:colcon.colcon_core.package_discovery:discover_packages(ignore) using defaults
[0.701s] Level 1:colcon.colcon_core.package_discovery:discover_packages(path) discover
[0.701s] Level 1:colcon.colcon_core.package_discovery:discover_packages(path) using defaults
[0.727s] Level 1:colcon.colcon_core.package_discovery:discover_packages(prefix_path) check parameters
[0.727s] Level 1:colcon.colcon_core.package_discovery:discover_packages(prefix_path) discover
[0.796s] DEBUG:colcon.colcon_installed_package_information.package_discovery:Found 1 installed packages in /home/shubh_khandelwal/Documents/Projects/Manipulator Control Using Reinforcement Learning/install
[0.797s] DEBUG:colcon.colcon_installed_package_information.package_discovery:Found 1 installed packages in /home/shubh_khandelwal/Documents/ROS/microros_ws/install
[0.799s] DEBUG:colcon.colcon_installed_package_information.package_discovery:Found 320 installed packages in /opt/ros/jazzy
[0.799s] Level 1:colcon.colcon_core.package_discovery:discover_packages(prefix_path) using defaults
[0.917s] Level 5:colcon.colcon_core.verb:set package 'manipulator' build argument 'cmake_args' from command line to 'None'
[0.917s] Level 5:colcon.colcon_core.verb:set package 'manipulator' build argument 'cmake_target' from command line to 'None'
[0.917s] Level 5:colcon.colcon_core.verb:set package 'manipulator' build argument 'cmake_target_skip_unavailable' from command line to 'False'
[0.917s] Level 5:colcon.colcon_core.verb:set package 'manipulator' build argument 'cmake_clean_cache' from command line to 'False'
[0.917s] Level 5:colcon.colcon_core.verb:set package 'manipulator' build argument 'cmake_clean_first' from command line to 'False'
[0.917s] Level 5:colcon.colcon_core.verb:set package 'manipulator' build argument 'cmake_force_configure' from command line to 'False'
[0.917s] Level 5:colcon.colcon_core.verb:set package 'manipulator' build argument 'ament_cmake_args' from command line to 'None'
[0.917s] Level 5:colcon.colcon_core.verb:set package 'manipulator' build argument 'catkin_cmake_args' from command line to 'None'
[0.917s] Level 5:colcon.colcon_core.verb:set package 'manipulator' build argument 'catkin_skip_building_tests' from command line to 'False'
[0.918s] DEBUG:colcon.colcon_core.verb:Building package 'manipulator' with the following arguments: {'ament_cmake_args': None, 'build_base': '/home/shubh_khandelwal/Documents/Projects/Manipulator Control Using Reinforcement Learning/build/manipulator', 'catkin_cmake_args': None, 'catkin_skip_building_tests': False, 'cmake_args': None, 'cmake_clean_cache': False, 'cmake_clean_first': False, 'cmake_force_configure': False, 'cmake_target': None, 'cmake_target_skip_unavailable': False, 'install_base': '/home/shubh_khandelwal/Documents/Projects/Manipulator Control Using Reinforcement Learning/install/manipulator', 'merge_install': False, 'path': '/home/shubh_khandelwal/Documents/Projects/Manipulator Control Using Reinforcement Learning/src/manipulator', 'symlink_install': False, 'test_result_base': None}
[0.918s] INFO:colcon.colcon_core.executor:Executing jobs using 'parallel' executor
[0.919s] DEBUG:colcon.colcon_parallel_executor.executor.parallel:run_until_complete
[0.919s] INFO:colcon.colcon_ros.task.ament_cmake.build:Building ROS package in '/home/shubh_khandelwal/Documents/Projects/Manipulator Control Using Reinforcement Learning/src/manipulator' with build type 'ament_cmake'
[0.919s] INFO:colcon.colcon_cmake.task.cmake.build:Building CMake package in '/home/shubh_khandelwal/Documents/Projects/Manipulator Control Using Reinforcement Learning/src/manipulator'
[0.981s] INFO:colcon.colcon_core.plugin_system:Skipping extension 'colcon_core.shell.bat': Not used on non-Windows systems
[0.981s] INFO:colcon.colcon_core.shell:Skip shell extension 'powershell' for command environment: Not usable outside of PowerShell
[0.981s] DEBUG:colcon.colcon_core.shell:Skip shell extension 'dsv' for command environment
[1.032s] DEBUG:colcon.colcon_core.event_handler.log_command:Invoking command in '/home/shubh_khandelwal/Documents/Projects/Manipulator Control Using Reinforcement Learning/build/manipulator': CMAKE_PREFIX_PATH=${CMAKE_PREFIX_PATH}:/opt/ros/jazzy DEBUGINFOD_URLS=https://debuginfod.ubuntu.com /usr/bin/cmake --build /home/shubh_khandelwal/Documents/Projects/Manipulator Control Using Reinforcement Learning/build/manipulator -- -j8 -l8
[1.298s] DEBUG:colcon.colcon_core.event_handler.log_command:Invoked command in '/home/shubh_khandelwal/Documents/Projects/Manipulator Control Using Reinforcement Learning/build/manipulator' returned '0': CMAKE_PREFIX_PATH=${CMAKE_PREFIX_PATH}:/opt/ros/jazzy DEBUGINFOD_URLS=https://debuginfod.ubuntu.com /usr/bin/cmake --build /home/shubh_khandelwal/Documents/Projects/Manipulator Control Using Reinforcement Learning/build/manipulator -- -j8 -l8
[1.325s] DEBUG:colcon.colcon_core.event_handler.log_command:Invoking command in '/home/shubh_khandelwal/Documents/Projects/Manipulator Control Using Reinforcement Learning/build/manipulator': CMAKE_PREFIX_PATH=${CMAKE_PREFIX_PATH}:/opt/ros/jazzy DEBUGINFOD_URLS=https://debuginfod.ubuntu.com /usr/bin/cmake --install /home/shubh_khandelwal/Documents/Projects/Manipulator Control Using Reinforcement Learning/build/manipulator
[1.378s] Level 1:colcon.colcon_core.environment:create_environment_scripts_only(manipulator)
[1.379s] DEBUG:colcon.colcon_core.event_handler.log_command:Invoked command in '/home/shubh_khandelwal/Documents/Projects/Manipulator Control Using Reinforcement Learning/build/manipulator' returned '0': CMAKE_PREFIX_PATH=${CMAKE_PREFIX_PATH}:/opt/ros/jazzy DEBUGINFOD_URLS=https://debuginfod.ubuntu.com /usr/bin/cmake --install /home/shubh_khandelwal/Documents/Projects/Manipulator Control Using Reinforcement Learning/build/manipulator
[1.415s] Level 1:colcon.colcon_core.environment:checking '/home/shubh_khandelwal/Documents/Projects/Manipulator Control Using Reinforcement Learning/install/manipulator' for CMake module files
[1.416s] Level 1:colcon.colcon_core.environment:checking '/home/shubh_khandelwal/Documents/Projects/Manipulator Control Using Reinforcement Learning/install/manipulator' for CMake config files
[1.416s] Level 1:colcon.colcon_core.shell:create_environment_hook('manipulator', 'cmake_prefix_path')
[1.416s] INFO:colcon.colcon_core.shell:Creating environment hook '/home/shubh_khandelwal/Documents/Projects/Manipulator Control Using Reinforcement Learning/install/manipulator/share/manipulator/hook/cmake_prefix_path.ps1'
[1.438s] INFO:colcon.colcon_core.shell:Creating environment descriptor '/home/shubh_khandelwal/Documents/Projects/Manipulator Control Using Reinforcement Learning/install/manipulator/share/manipulator/hook/cmake_prefix_path.dsv'
[1.454s] INFO:colcon.colcon_core.shell:Creating environment hook '/home/shubh_khandelwal/Documents/Projects/Manipulator Control Using Reinforcement Learning/install/manipulator/share/manipulator/hook/cmake_prefix_path.sh'
[1.475s] Level 1:colcon.colcon_core.environment:checking '/home/shubh_khandelwal/Documents/Projects/Manipulator Control Using Reinforcement Learning/install/manipulator/bin'
[1.475s] Level 1:colcon.colcon_core.environment:checking '/home/shubh_khandelwal/Documents/Projects/Manipulator Control Using Reinforcement Learning/install/manipulator/lib/pkgconfig/manipulator.pc'
[1.475s] Level 1:colcon.colcon_core.environment:checking '/home/shubh_khandelwal/Documents/Projects/Manipulator Control Using Reinforcement Learning/install/manipulator/lib/python3.12/site-packages'
[1.475s] Level 1:colcon.colcon_core.environment:checking '/home/shubh_khandelwal/Documents/Projects/Manipulator Control Using Reinforcement Learning/install/manipulator/bin'
[1.476s] INFO:colcon.colcon_core.shell:Creating package script '/home/shubh_khandelwal/Documents/Projects/Manipulator Control Using Reinforcement Learning/install/manipulator/share/manipulator/package.ps1'
[1.477s] INFO:colcon.colcon_core.shell:Creating package descriptor '/home/shubh_khandelwal/Documents/Projects/Manipulator Control Using Reinforcement Learning/install/manipulator/share/manipulator/package.dsv'
[1.499s] INFO:colcon.colcon_core.shell:Creating package script '/home/shubh_khandelwal/Documents/Projects/Manipulator Control Using Reinforcement Learning/install/manipulator/share/manipulator/package.sh'
[1.500s] INFO:colcon.colcon_core.shell:Creating package script '/home/shubh_khandelwal/Documents/Projects/Manipulator Control Using Reinforcement Learning/install/manipulator/share/manipulator/package.bash'
[1.524s] INFO:colcon.colcon_core.shell:Creating package script '/home/shubh_khandelwal/Documents/Projects/Manipulator Control Using Reinforcement Learning/install/manipulator/share/manipulator/package.zsh'
[1.526s] Level 1:colcon.colcon_core.environment:create_file_with_runtime_dependencies(/home/shubh_khandelwal/Documents/Projects/Manipulator Control Using Reinforcement Learning/install/manipulator/share/colcon-core/packages/manipulator)
[1.527s] Level 1:colcon.colcon_core.environment:create_environment_scripts_only(manipulator)
[1.527s] Level 1:colcon.colcon_core.environment:checking '/home/shubh_khandelwal/Documents/Projects/Manipulator Control Using Reinforcement Learning/install/manipulator' for CMake module files
[1.528s] Level 1:colcon.colcon_core.environment:checking '/home/shubh_khandelwal/Documents/Projects/Manipulator Control Using Reinforcement Learning/install/manipulator' for CMake config files
[1.528s] Level 1:colcon.colcon_core.shell:create_environment_hook('manipulator', 'cmake_prefix_path')
[1.528s] INFO:colcon.colcon_core.shell:Creating environment hook '/home/shubh_khandelwal/Documents/Projects/Manipulator Control Using Reinforcement Learning/install/manipulator/share/manipulator/hook/cmake_prefix_path.ps1'
[1.529s] INFO:colcon.colcon_core.shell:Creating environment descriptor '/home/shubh_khandelwal/Documents/Projects/Manipulator Control Using Reinforcement Learning/install/manipulator/share/manipulator/hook/cmake_prefix_path.dsv'
[1.529s] INFO:colcon.colcon_core.shell:Creating environment hook '/home/shubh_khandelwal/Documents/Projects/Manipulator Control Using Reinforcement Learning/install/manipulator/share/manipulator/hook/cmake_prefix_path.sh'
[1.530s] Level 1:colcon.colcon_core.environment:checking '/home/shubh_khandelwal/Documents/Projects/Manipulator Control Using Reinforcement Learning/install/manipulator/bin'
[1.530s] Level 1:colcon.colcon_core.environment:checking '/home/shubh_khandelwal/Documents/Projects/Manipulator Control Using Reinforcement Learning/install/manipulator/lib/pkgconfig/manipulator.pc'
[1.531s] Level 1:colcon.colcon_core.environment:checking '/home/shubh_khandelwal/Documents/Projects/Manipulator Control Using Reinforcement Learning/install/manipulator/lib/python3.12/site-packages'
[1.531s] Level 1:colcon.colcon_core.environment:checking '/home/shubh_khandelwal/Documents/Projects/Manipulator Control Using Reinforcement Learning/install/manipulator/bin'
[1.531s] INFO:colcon.colcon_core.shell:Creating package script '/home/shubh_khandelwal/Documents/Projects/Manipulator Control Using Reinforcement Learning/install/manipulator/share/manipulator/package.ps1'
[1.532s] INFO:colcon.colcon_core.shell:Creating package descriptor '/home/shubh_khandelwal/Documents/Projects/Manipulator Control Using Reinforcement Learning/install/manipulator/share/manipulator/package.dsv'
[1.532s] INFO:colcon.colcon_core.shell:Creating package script '/home/shubh_khandelwal/Documents/Projects/Manipulator Control Using Reinforcement Learning/install/manipulator/share/manipulator/package.sh'
[1.533s] INFO:colcon.colcon_core.shell:Creating package script '/home/shubh_khandelwal/Documents/Projects/Manipulator Control Using Reinforcement Learning/install/manipulator/share/manipulator/package.bash'
[1.533s] INFO:colcon.colcon_core.shell:Creating package script '/home/shubh_khandelwal/Documents/Projects/Manipulator Control Using Reinforcement Learning/install/manipulator/share/manipulator/package.zsh'
[1.534s] Level 1:colcon.colcon_core.environment:create_file_with_runtime_dependencies(/home/shubh_khandelwal/Documents/Projects/Manipulator Control Using Reinforcement Learning/install/manipulator/share/colcon-core/packages/manipulator)
[1.534s] DEBUG:colcon.colcon_parallel_executor.executor.parallel:closing loop
[1.535s] DEBUG:colcon.colcon_parallel_executor.executor.parallel:loop closed
[1.535s] DEBUG:colcon.colcon_parallel_executor.executor.parallel:run_until_complete finished with '0'
[1.535s] DEBUG:colcon.colcon_core.event_reactor:joining thread
[1.597s] INFO:colcon.colcon_core.plugin_system:Skipping extension 'colcon_notification.desktop_notification.terminal_notifier': Not used on non-Darwin systems
[1.598s] INFO:colcon.colcon_core.plugin_system:Skipping extension 'colcon_notification.desktop_notification.win32': Not used on non-Windows systems
[1.598s] INFO:colcon.colcon_notification.desktop_notification:Sending desktop notification using 'notify2'
[1.623s] DEBUG:colcon.colcon_core.event_reactor:joined thread
[1.623s] INFO:colcon.colcon_core.shell:Creating prefix script '/home/shubh_khandelwal/Documents/Projects/Manipulator Control Using Reinforcement Learning/install/local_setup.ps1'
[1.627s] INFO:colcon.colcon_core.shell:Creating prefix util module '/home/shubh_khandelwal/Documents/Projects/Manipulator Control Using Reinforcement Learning/install/_local_setup_util_ps1.py'
[1.635s] INFO:colcon.colcon_core.shell:Creating prefix chain script '/home/shubh_khandelwal/Documents/Projects/Manipulator Control Using Reinforcement Learning/install/setup.ps1'
[1.650s] INFO:colcon.colcon_core.shell:Creating prefix script '/home/shubh_khandelwal/Documents/Projects/Manipulator Control Using Reinforcement Learning/install/local_setup.sh'
[1.651s] INFO:colcon.colcon_core.shell:Creating prefix util module '/home/shubh_khandelwal/Documents/Projects/Manipulator Control Using Reinforcement Learning/install/_local_setup_util_sh.py'
[1.652s] INFO:colcon.colcon_core.shell:Creating prefix chain script '/home/shubh_khandelwal/Documents/Projects/Manipulator Control Using Reinforcement Learning/install/setup.sh'
[1.665s] INFO:colcon.colcon_core.shell:Creating prefix script '/home/shubh_khandelwal/Documents/Projects/Manipulator Control Using Reinforcement Learning/install/local_setup.bash'
[1.666s] INFO:colcon.colcon_core.shell:Creating prefix chain script '/home/shubh_khandelwal/Documents/Projects/Manipulator Control Using Reinforcement Learning/install/setup.bash'
[1.668s] INFO:colcon.colcon_core.shell:Creating prefix script '/home/shubh_khandelwal/Documents/Projects/Manipulator Control Using Reinforcement Learning/install/local_setup.zsh'
[1.692s] INFO:colcon.colcon_core.shell:Creating prefix chain script '/home/shubh_khandelwal/Documents/Projects/Manipulator Control Using Reinforcement Learning/install/setup.zsh'
