[0.032s] Invoking command in '/home/shubh_khandelwal/Documents/Projects/Manipulator Control Using Reinforcement Learning/build/manipulator': CMAKE_PREFIX_PATH=${CMAKE_PREFIX_PATH}:/home/shubh_khandelwal/Documents/ROS/moveit_ws/install/moveit_configs_utils:/opt/ros/jazzy DEBUGINFOD_URLS=https://debuginfod.ubuntu.com /usr/bin/cmake --build /home/shubh_khandelwal/Documents/Projects/Manipulator Control Using Reinforcement Learning/build/manipulator -- -j8 -l8
[0.145s] [100%] Built target joint_state_node
[0.168s] Invoked command in '/home/shubh_khandelwal/Documents/Projects/Manipulator Control Using Reinforcement Learning/build/manipulator' returned '0': CMAKE_PREFIX_PATH=${CMAKE_PREFIX_PATH}:/home/shubh_khandelwal/Documents/ROS/moveit_ws/install/moveit_configs_utils:/opt/ros/jazzy DEBUGINFOD_URLS=https://debuginfod.ubuntu.com /usr/bin/cmake --build /home/shubh_khandelwal/Documents/Projects/Manipulator Control Using Reinforcement Learning/build/manipulator -- -j8 -l8
[0.188s] Invoking command in '/home/shubh_khandelwal/Documents/Projects/Manipulator Control Using Reinforcement Learning/build/manipulator': CMAKE_PREFIX_PATH=${CMAKE_PREFIX_PATH}:/home/shubh_khandelwal/Documents/ROS/moveit_ws/install/moveit_configs_utils:/opt/ros/jazzy DEBUGINFOD_URLS=https://debuginfod.ubuntu.com /usr/bin/cmake --install /home/shubh_khandelwal/Documents/Projects/Manipulator Control Using Reinforcement Learning/build/manipulator
[0.205s] -- Install configuration: ""
[0.206s] -- Up-to-date: /home/shubh_khandelwal/Documents/Projects/Manipulator Control Using Reinforcement Learning/install/manipulator/lib/manipulator/joint_state_node
[0.206s] -- Up-to-date: /home/shubh_khandelwal/Documents/Projects/Manipulator Control Using Reinforcement Learning/install/manipulator/share/manipulator/launch
[0.206s] -- Installing: /home/shubh_khandelwal/Documents/Projects/Manipulator Control Using Reinforcement Learning/install/manipulator/share/manipulator/launch/node_launcher.launch.py
[0.206s] -- Up-to-date: /home/shubh_khandelwal/Documents/Projects/Manipulator Control Using Reinforcement Learning/install/manipulator/share/manipulator/rviz
[0.207s] -- Up-to-date: /home/shubh_khandelwal/Documents/Projects/Manipulator Control Using Reinforcement Learning/install/manipulator/share/manipulator/rviz/manipulator_config.rviz
[0.207s] -- Up-to-date: /home/shubh_khandelwal/Documents/Projects/Manipulator Control Using Reinforcement Learning/install/manipulator/share/manipulator/src
[0.207s] -- Up-to-date: /home/shubh_khandelwal/Documents/Projects/Manipulator Control Using Reinforcement Learning/install/manipulator/share/manipulator/src/joint_state_node.cpp
[0.207s] -- Up-to-date: /home/shubh_khandelwal/Documents/Projects/Manipulator Control Using Reinforcement Learning/install/manipulator/share/manipulator/urdf
[0.207s] -- Up-to-date: /home/shubh_khandelwal/Documents/Projects/Manipulator Control Using Reinforcement Learning/install/manipulator/share/manipulator/urdf/manipulator.urdf
[0.208s] -- Up-to-date: /home/shubh_khandelwal/Documents/Projects/Manipulator Control Using Reinforcement Learning/install/manipulator/share/ament_index/resource_index/package_run_dependencies/manipulator
[0.208s] -- Up-to-date: /home/shubh_khandelwal/Documents/Projects/Manipulator Control Using Reinforcement Learning/install/manipulator/share/ament_index/resource_index/parent_prefix_path/manipulator
[0.208s] -- Up-to-date: /home/shubh_khandelwal/Documents/Projects/Manipulator Control Using Reinforcement Learning/install/manipulator/share/manipulator/environment/ament_prefix_path.sh
[0.208s] -- Up-to-date: /home/shubh_khandelwal/Documents/Projects/Manipulator Control Using Reinforcement Learning/install/manipulator/share/manipulator/environment/ament_prefix_path.dsv
[0.208s] -- Up-to-date: /home/shubh_khandelwal/Documents/Projects/Manipulator Control Using Reinforcement Learning/install/manipulator/share/manipulator/environment/path.sh
[0.208s] -- Up-to-date: /home/shubh_khandelwal/Documents/Projects/Manipulator Control Using Reinforcement Learning/install/manipulator/share/manipulator/environment/path.dsv
[0.209s] -- Up-to-date: /home/shubh_khandelwal/Documents/Projects/Manipulator Control Using Reinforcement Learning/install/manipulator/share/manipulator/local_setup.bash
[0.209s] -- Up-to-date: /home/shubh_khandelwal/Documents/Projects/Manipulator Control Using Reinforcement Learning/install/manipulator/share/manipulator/local_setup.sh
[0.209s] -- Up-to-date: /home/shubh_khandelwal/Documents/Projects/Manipulator Control Using Reinforcement Learning/install/manipulator/share/manipulator/local_setup.zsh
[0.210s] -- Up-to-date: /home/shubh_khandelwal/Documents/Projects/Manipulator Control Using Reinforcement Learning/install/manipulator/share/manipulator/local_setup.dsv
[0.210s] -- Installing: /home/shubh_khandelwal/Documents/Projects/Manipulator Control Using Reinforcement Learning/install/manipulator/share/manipulator/package.dsv
[0.210s] -- Up-to-date: /home/shubh_khandelwal/Documents/Projects/Manipulator Control Using Reinforcement Learning/install/manipulator/share/ament_index/resource_index/packages/manipulator
[0.211s] -- Up-to-date: /home/shubh_khandelwal/Documents/Projects/Manipulator Control Using Reinforcement Learning/install/manipulator/share/manipulator/cmake/manipulatorConfig.cmake
[0.211s] -- Up-to-date: /home/shubh_khandelwal/Documents/Projects/Manipulator Control Using Reinforcement Learning/install/manipulator/share/manipulator/cmake/manipulatorConfig-version.cmake
[0.211s] -- Up-to-date: /home/shubh_khandelwal/Documents/Projects/Manipulator Control Using Reinforcement Learning/install/manipulator/share/manipulator/package.xml
[0.212s] Invoked command in '/home/shubh_khandelwal/Documents/Projects/Manipulator Control Using Reinforcement Learning/build/manipulator' returned '0': CMAKE_PREFIX_PATH=${CMAKE_PREFIX_PATH}:/home/shubh_khandelwal/Documents/ROS/moveit_ws/install/moveit_configs_utils:/opt/ros/jazzy DEBUGINFOD_URLS=https://debuginfod.ubuntu.com /usr/bin/cmake --install /home/shubh_khandelwal/Documents/Projects/Manipulator Control Using Reinforcement Learning/build/manipulator
