[0.020s] Invoking command in '/home/shubh_khandelwal/Documents/Projects/Manipulator Control Using Reinforcement Learning/build/manipulator': CMAKE_PREFIX_PATH=${CMAKE_PREFIX_PATH}:/opt/ros/jazzy DEBUGINFOD_URLS=https://debuginfod.ubuntu.com /usr/bin/cmake --build /home/shubh_khandelwal/Documents/Projects/Manipulator Control Using Reinforcement Learning/build/manipulator -- -j8 -l8
[0.054s] -- Found ament_cmake: 2.5.3 (/opt/ros/jazzy/share/ament_cmake/cmake)
[0.317s] -- Found rclcpp: 28.1.6 (/opt/ros/jazzy/share/rclcpp/cmake)
[0.353s] -- Found rosidl_generator_c: 4.6.5 (/opt/ros/jazzy/share/rosidl_generator_c/cmake)
[0.364s] -- Found rosidl_generator_cpp: 4.6.5 (/opt/ros/jazzy/share/rosidl_generator_cpp/cmake)
[0.378s] -- Using all available rosidl_typesupport_c: rosidl_typesupport_fastrtps_c;rosidl_typesupport_introspection_c
[0.394s] -- Using all available rosidl_typesupport_cpp: rosidl_typesupport_fastrtps_cpp;rosidl_typesupport_introspection_cpp
[0.491s] -- Found rmw_implementation_cmake: 7.3.1 (/opt/ros/jazzy/share/rmw_implementation_cmake/cmake)
[0.493s] -- Found rmw_fastrtps_cpp: 8.4.1 (/opt/ros/jazzy/share/rmw_fastrtps_cpp/cmake)
[0.576s] -- Using RMW implementation 'rmw_fastrtps_cpp' as default
[0.657s] -- Found sensor_msgs: 5.3.5 (/opt/ros/jazzy/share/sensor_msgs/cmake)
[0.731s] -- Found ament_lint_auto: 0.17.1 (/opt/ros/jazzy/share/ament_lint_auto/cmake)
[0.837s] -- Added test 'cppcheck' to perform static code analysis on C / C++ code
[0.837s] -- Configured cppcheck include dirs: 
[0.838s] -- Configured cppcheck exclude dirs and/or files: 
[0.838s] -- Added test 'flake8' to check Python code syntax and style conventions
[0.838s] -- Configured 'flake8' exclude dirs and/or files: 
[0.839s] -- Added test 'lint_cmake' to check CMake code style
[0.839s] -- Added test 'pep257' to check Python code against some of the docstring style conventions in PEP 257
[0.841s] -- Added test 'uncrustify' to check C / C++ code style
[0.841s] -- Configured uncrustify additional arguments: 
[0.842s] -- Added test 'xmllint' to check XML markup files
[0.843s] -- Configuring done (0.8s)
[0.861s] -- Generating done (0.0s)
[0.867s] -- Build files have been written to: /home/shubh_khandelwal/Documents/Projects/Manipulator Control Using Reinforcement Learning/build/manipulator
[0.939s] [ 50%] [32m[1mLinking CXX executable joint_state_publisher[0m
[1.171s] [100%] Built target joint_state_publisher
[1.187s] Invoked command in '/home/shubh_khandelwal/Documents/Projects/Manipulator Control Using Reinforcement Learning/build/manipulator' returned '0': CMAKE_PREFIX_PATH=${CMAKE_PREFIX_PATH}:/opt/ros/jazzy DEBUGINFOD_URLS=https://debuginfod.ubuntu.com /usr/bin/cmake --build /home/shubh_khandelwal/Documents/Projects/Manipulator Control Using Reinforcement Learning/build/manipulator -- -j8 -l8
[1.200s] Invoking command in '/home/shubh_khandelwal/Documents/Projects/Manipulator Control Using Reinforcement Learning/build/manipulator': CMAKE_PREFIX_PATH=${CMAKE_PREFIX_PATH}:/opt/ros/jazzy DEBUGINFOD_URLS=https://debuginfod.ubuntu.com /usr/bin/cmake --install /home/shubh_khandelwal/Documents/Projects/Manipulator Control Using Reinforcement Learning/build/manipulator
[1.212s] -- Install configuration: ""
[1.212s] -- Installing: /home/shubh_khandelwal/Documents/Projects/Manipulator Control Using Reinforcement Learning/install/manipulator/lib/manipulator/joint_state_publisher
[1.214s] -- Set non-toolchain portion of runtime path of "/home/shubh_khandelwal/Documents/Projects/Manipulator Control Using Reinforcement Learning/install/manipulator/lib/manipulator/joint_state_publisher" to ""
[1.214s] -- Up-to-date: /home/shubh_khandelwal/Documents/Projects/Manipulator Control Using Reinforcement Learning/install/manipulator/share/manipulator/launch
[1.214s] -- Installing: /home/shubh_khandelwal/Documents/Projects/Manipulator Control Using Reinforcement Learning/install/manipulator/share/manipulator/launch/viewer.launch.py
[1.215s] -- Up-to-date: /home/shubh_khandelwal/Documents/Projects/Manipulator Control Using Reinforcement Learning/install/manipulator/share/manipulator/rviz
[1.215s] -- Up-to-date: /home/shubh_khandelwal/Documents/Projects/Manipulator Control Using Reinforcement Learning/install/manipulator/share/manipulator/rviz/manipulator_config.rviz
[1.215s] -- Up-to-date: /home/shubh_khandelwal/Documents/Projects/Manipulator Control Using Reinforcement Learning/install/manipulator/share/manipulator/src
[1.215s] -- Up-to-date: /home/shubh_khandelwal/Documents/Projects/Manipulator Control Using Reinforcement Learning/install/manipulator/share/manipulator/src/joint_state_publisher.cpp
[1.215s] -- Up-to-date: /home/shubh_khandelwal/Documents/Projects/Manipulator Control Using Reinforcement Learning/install/manipulator/share/manipulator/urdf
[1.216s] -- Up-to-date: /home/shubh_khandelwal/Documents/Projects/Manipulator Control Using Reinforcement Learning/install/manipulator/share/manipulator/urdf/manipulator.urdf
[1.216s] -- Up-to-date: /home/shubh_khandelwal/Documents/Projects/Manipulator Control Using Reinforcement Learning/install/manipulator/share/ament_index/resource_index/package_run_dependencies/manipulator
[1.216s] -- Up-to-date: /home/shubh_khandelwal/Documents/Projects/Manipulator Control Using Reinforcement Learning/install/manipulator/share/ament_index/resource_index/parent_prefix_path/manipulator
[1.216s] -- Up-to-date: /home/shubh_khandelwal/Documents/Projects/Manipulator Control Using Reinforcement Learning/install/manipulator/share/manipulator/environment/ament_prefix_path.sh
[1.216s] -- Up-to-date: /home/shubh_khandelwal/Documents/Projects/Manipulator Control Using Reinforcement Learning/install/manipulator/share/manipulator/environment/ament_prefix_path.dsv
[1.216s] -- Up-to-date: /home/shubh_khandelwal/Documents/Projects/Manipulator Control Using Reinforcement Learning/install/manipulator/share/manipulator/environment/path.sh
[1.217s] -- Up-to-date: /home/shubh_khandelwal/Documents/Projects/Manipulator Control Using Reinforcement Learning/install/manipulator/share/manipulator/environment/path.dsv
[1.217s] -- Up-to-date: /home/shubh_khandelwal/Documents/Projects/Manipulator Control Using Reinforcement Learning/install/manipulator/share/manipulator/local_setup.bash
[1.217s] -- Up-to-date: /home/shubh_khandelwal/Documents/Projects/Manipulator Control Using Reinforcement Learning/install/manipulator/share/manipulator/local_setup.sh
[1.217s] -- Up-to-date: /home/shubh_khandelwal/Documents/Projects/Manipulator Control Using Reinforcement Learning/install/manipulator/share/manipulator/local_setup.zsh
[1.218s] -- Up-to-date: /home/shubh_khandelwal/Documents/Projects/Manipulator Control Using Reinforcement Learning/install/manipulator/share/manipulator/local_setup.dsv
[1.219s] -- Installing: /home/shubh_khandelwal/Documents/Projects/Manipulator Control Using Reinforcement Learning/install/manipulator/share/manipulator/package.dsv
[1.219s] -- Up-to-date: /home/shubh_khandelwal/Documents/Projects/Manipulator Control Using Reinforcement Learning/install/manipulator/share/ament_index/resource_index/packages/manipulator
[1.219s] -- Up-to-date: /home/shubh_khandelwal/Documents/Projects/Manipulator Control Using Reinforcement Learning/install/manipulator/share/manipulator/cmake/manipulatorConfig.cmake
[1.219s] -- Up-to-date: /home/shubh_khandelwal/Documents/Projects/Manipulator Control Using Reinforcement Learning/install/manipulator/share/manipulator/cmake/manipulatorConfig-version.cmake
[1.220s] -- Up-to-date: /home/shubh_khandelwal/Documents/Projects/Manipulator Control Using Reinforcement Learning/install/manipulator/share/manipulator/package.xml
[1.220s] Invoked command in '/home/shubh_khandelwal/Documents/Projects/Manipulator Control Using Reinforcement Learning/build/manipulator' returned '0': CMAKE_PREFIX_PATH=${CMAKE_PREFIX_PATH}:/opt/ros/jazzy DEBUGINFOD_URLS=https://debuginfod.ubuntu.com /usr/bin/cmake --install /home/shubh_khandelwal/Documents/Projects/Manipulator Control Using Reinforcement Learning/build/manipulator
