[0.019s] Invoking command in '/home/shubh_khandelwal/Documents/Projects/Manipulator Control Using Reinforcement Learning/build/manipulator': CMAKE_PREFIX_PATH=${CMAKE_PREFIX_PATH}:/opt/ros/jazzy DEBUGINFOD_URLS=https://debuginfod.ubuntu.com /usr/bin/cmake /home/shubh_khandelwal/Documents/Projects/Manipulator Control Using Reinforcement Learning/src/manipulator -DCMAKE_INSTALL_PREFIX=/home/shubh_khandelwal/Documents/Projects/Manipulator Control Using Reinforcement Learning/install/manipulator
[0.121s] -- The C compiler identification is GNU 13.3.0
[0.282s] -- The CXX compiler identification is GNU 13.3.0
[0.304s] -- Detecting C compiler ABI info
[0.413s] -- Detecting C compiler ABI info - done
[0.429s] -- Check for working C compiler: /usr/bin/cc - skipped
[0.429s] -- Detecting C compile features
[0.430s] -- Detecting C compile features - done
[0.441s] -- Detecting CXX compiler ABI info
[0.563s] -- Detecting CXX compiler ABI info - done
[0.577s] -- Check for working CXX compiler: /usr/bin/c++ - skipped
[0.577s] -- Detecting CXX compile features
[0.578s] -- Detecting CXX compile features - done
[0.581s] -- Found ament_cmake: 2.5.3 (/opt/ros/jazzy/share/ament_cmake/cmake)
[0.778s] -- Found Python3: /usr/bin/python3 (found version "3.12.3") found components: Interpreter 
[0.897s] -- Found ament_lint_auto: 0.17.1 (/opt/ros/jazzy/share/ament_lint_auto/cmake)
[1.032s] -- Added test 'flake8' to check Python code syntax and style conventions
[1.033s] -- Configured 'flake8' exclude dirs and/or files: 
[1.033s] -- Added test 'lint_cmake' to check CMake code style
[1.034s] -- Added test 'pep257' to check Python code against some of the docstring style conventions in PEP 257
[1.036s] -- Added test 'xmllint' to check XML markup files
[1.038s] -- Configuring done (1.0s)
[1.043s] -- Generating done (0.0s)
[1.046s] -- Build files have been written to: /home/shubh_khandelwal/Documents/Projects/Manipulator Control Using Reinforcement Learning/build/manipulator
[1.052s] Invoked command in '/home/shubh_khandelwal/Documents/Projects/Manipulator Control Using Reinforcement Learning/build/manipulator' returned '0': CMAKE_PREFIX_PATH=${CMAKE_PREFIX_PATH}:/opt/ros/jazzy DEBUGINFOD_URLS=https://debuginfod.ubuntu.com /usr/bin/cmake /home/shubh_khandelwal/Documents/Projects/Manipulator Control Using Reinforcement Learning/src/manipulator -DCMAKE_INSTALL_PREFIX=/home/shubh_khandelwal/Documents/Projects/Manipulator Control Using Reinforcement Learning/install/manipulator
[1.053s] Invoking command in '/home/shubh_khandelwal/Documents/Projects/Manipulator Control Using Reinforcement Learning/build/manipulator': CMAKE_PREFIX_PATH=${CMAKE_PREFIX_PATH}:/opt/ros/jazzy DEBUGINFOD_URLS=https://debuginfod.ubuntu.com /usr/bin/cmake --build /home/shubh_khandelwal/Documents/Projects/Manipulator Control Using Reinforcement Learning/build/manipulator -- -j8 -l8
[1.106s] Invoked command in '/home/shubh_khandelwal/Documents/Projects/Manipulator Control Using Reinforcement Learning/build/manipulator' returned '0': CMAKE_PREFIX_PATH=${CMAKE_PREFIX_PATH}:/opt/ros/jazzy DEBUGINFOD_URLS=https://debuginfod.ubuntu.com /usr/bin/cmake --build /home/shubh_khandelwal/Documents/Projects/Manipulator Control Using Reinforcement Learning/build/manipulator -- -j8 -l8
[1.119s] Invoking command in '/home/shubh_khandelwal/Documents/Projects/Manipulator Control Using Reinforcement Learning/build/manipulator': CMAKE_PREFIX_PATH=${CMAKE_PREFIX_PATH}:/opt/ros/jazzy DEBUGINFOD_URLS=https://debuginfod.ubuntu.com /usr/bin/cmake --install /home/shubh_khandelwal/Documents/Projects/Manipulator Control Using Reinforcement Learning/build/manipulator
[1.128s] -- Install configuration: ""
[1.129s] -- Installing: /home/shubh_khandelwal/Documents/Projects/Manipulator Control Using Reinforcement Learning/install/manipulator/share/ament_index/resource_index/package_run_dependencies/manipulator
[1.129s] -- Installing: /home/shubh_khandelwal/Documents/Projects/Manipulator Control Using Reinforcement Learning/install/manipulator/share/ament_index/resource_index/parent_prefix_path/manipulator
[1.129s] -- Installing: /home/shubh_khandelwal/Documents/Projects/Manipulator Control Using Reinforcement Learning/install/manipulator/share/manipulator/environment/ament_prefix_path.sh
[1.130s] -- Installing: /home/shubh_khandelwal/Documents/Projects/Manipulator Control Using Reinforcement Learning/install/manipulator/share/manipulator/environment/ament_prefix_path.dsv
[1.130s] -- Installing: /home/shubh_khandelwal/Documents/Projects/Manipulator Control Using Reinforcement Learning/install/manipulator/share/manipulator/environment/path.sh
[1.130s] -- Installing: /home/shubh_khandelwal/Documents/Projects/Manipulator Control Using Reinforcement Learning/install/manipulator/share/manipulator/environment/path.dsv
[1.130s] -- Installing: /home/shubh_khandelwal/Documents/Projects/Manipulator Control Using Reinforcement Learning/install/manipulator/share/manipulator/local_setup.bash
[1.131s] -- Installing: /home/shubh_khandelwal/Documents/Projects/Manipulator Control Using Reinforcement Learning/install/manipulator/share/manipulator/local_setup.sh
[1.131s] -- Installing: /home/shubh_khandelwal/Documents/Projects/Manipulator Control Using Reinforcement Learning/install/manipulator/share/manipulator/local_setup.zsh
[1.131s] -- Installing: /home/shubh_khandelwal/Documents/Projects/Manipulator Control Using Reinforcement Learning/install/manipulator/share/manipulator/local_setup.dsv
[1.131s] -- Installing: /home/shubh_khandelwal/Documents/Projects/Manipulator Control Using Reinforcement Learning/install/manipulator/share/manipulator/package.dsv
[1.131s] -- Installing: /home/shubh_khandelwal/Documents/Projects/Manipulator Control Using Reinforcement Learning/install/manipulator/share/ament_index/resource_index/packages/manipulator
[1.132s] -- Installing: /home/shubh_khandelwal/Documents/Projects/Manipulator Control Using Reinforcement Learning/install/manipulator/share/manipulator/cmake/manipulatorConfig.cmake
[1.132s] -- Installing: /home/shubh_khandelwal/Documents/Projects/Manipulator Control Using Reinforcement Learning/install/manipulator/share/manipulator/cmake/manipulatorConfig-version.cmake
[1.132s] -- Installing: /home/shubh_khandelwal/Documents/Projects/Manipulator Control Using Reinforcement Learning/install/manipulator/share/manipulator/package.xml
[1.135s] Invoked command in '/home/shubh_khandelwal/Documents/Projects/Manipulator Control Using Reinforcement Learning/build/manipulator' returned '0': CMAKE_PREFIX_PATH=${CMAKE_PREFIX_PATH}:/opt/ros/jazzy DEBUGINFOD_URLS=https://debuginfod.ubuntu.com /usr/bin/cmake --install /home/shubh_khandelwal/Documents/Projects/Manipulator Control Using Reinforcement Learning/build/manipulator
