[0.021s] Invoking command in '/home/shubh_khandelwal/Documents/Projects/Manipulator Control Using Reinforcement Learning/build/manipulator': CMAKE_PREFIX_PATH=${CMAKE_PREFIX_PATH}:/opt/ros/jazzy DEBUGINFOD_URLS=https://debuginfod.ubuntu.com /usr/bin/cmake --build /home/shubh_khandelwal/Documents/Projects/Manipulator Control Using Reinforcement Learning/build/manipulator -- -j8 -l8
[0.102s] [ 50%] [32mBuilding CXX object CMakeFiles/joint_state_node.dir/src/joint_state_node.cpp.o[0m
[9.914s] [100%] [32m[1mLinking CXX executable joint_state_node[0m
[10.330s] [100%] Built target joint_state_node
[10.348s] Invoked command in '/home/shubh_khandelwal/Documents/Projects/Manipulator Control Using Reinforcement Learning/build/manipulator' returned '0': CMAKE_PREFIX_PATH=${CMAKE_PREFIX_PATH}:/opt/ros/jazzy DEBUGINFOD_URLS=https://debuginfod.ubuntu.com /usr/bin/cmake --build /home/shubh_khandelwal/Documents/Projects/Manipulator Control Using Reinforcement Learning/build/manipulator -- -j8 -l8
[10.362s] Invoking command in '/home/shubh_khandelwal/Documents/Projects/Manipulator Control Using Reinforcement Learning/build/manipulator': CMAKE_PREFIX_PATH=${CMAKE_PREFIX_PATH}:/opt/ros/jazzy DEBUGINFOD_URLS=https://debuginfod.ubuntu.com /usr/bin/cmake --install /home/shubh_khandelwal/Documents/Projects/Manipulator Control Using Reinforcement Learning/build/manipulator
[10.373s] -- Install configuration: ""
[10.374s] -- Installing: /home/shubh_khandelwal/Documents/Projects/Manipulator Control Using Reinforcement Learning/install/manipulator/lib/manipulator/joint_state_node
[10.381s] -- Set non-toolchain portion of runtime path of "/home/shubh_khandelwal/Documents/Projects/Manipulator Control Using Reinforcement Learning/install/manipulator/lib/manipulator/joint_state_node" to ""
[10.382s] -- Up-to-date: /home/shubh_khandelwal/Documents/Projects/Manipulator Control Using Reinforcement Learning/install/manipulator/share/manipulator/launch
[10.382s] -- Up-to-date: /home/shubh_khandelwal/Documents/Projects/Manipulator Control Using Reinforcement Learning/install/manipulator/share/manipulator/launch/node_launcher.launch.py
[10.382s] -- Up-to-date: /home/shubh_khandelwal/Documents/Projects/Manipulator Control Using Reinforcement Learning/install/manipulator/share/manipulator/rviz
[10.382s] -- Up-to-date: /home/shubh_khandelwal/Documents/Projects/Manipulator Control Using Reinforcement Learning/install/manipulator/share/manipulator/rviz/manipulator_config.rviz
[10.382s] -- Up-to-date: /home/shubh_khandelwal/Documents/Projects/Manipulator Control Using Reinforcement Learning/install/manipulator/share/manipulator/src
[10.382s] -- Installing: /home/shubh_khandelwal/Documents/Projects/Manipulator Control Using Reinforcement Learning/install/manipulator/share/manipulator/src/joint_state_node.cpp
[10.383s] -- Up-to-date: /home/shubh_khandelwal/Documents/Projects/Manipulator Control Using Reinforcement Learning/install/manipulator/share/manipulator/urdf
[10.383s] -- Installing: /home/shubh_khandelwal/Documents/Projects/Manipulator Control Using Reinforcement Learning/install/manipulator/share/manipulator/urdf/manipulator.urdf
[10.383s] -- Up-to-date: /home/shubh_khandelwal/Documents/Projects/Manipulator Control Using Reinforcement Learning/install/manipulator/share/ament_index/resource_index/package_run_dependencies/manipulator
[10.383s] -- Up-to-date: /home/shubh_khandelwal/Documents/Projects/Manipulator Control Using Reinforcement Learning/install/manipulator/share/ament_index/resource_index/parent_prefix_path/manipulator
[10.383s] -- Up-to-date: /home/shubh_khandelwal/Documents/Projects/Manipulator Control Using Reinforcement Learning/install/manipulator/share/manipulator/environment/ament_prefix_path.sh
[10.383s] -- Up-to-date: /home/shubh_khandelwal/Documents/Projects/Manipulator Control Using Reinforcement Learning/install/manipulator/share/manipulator/environment/ament_prefix_path.dsv
[10.384s] -- Up-to-date: /home/shubh_khandelwal/Documents/Projects/Manipulator Control Using Reinforcement Learning/install/manipulator/share/manipulator/environment/path.sh
[10.384s] -- Up-to-date: /home/shubh_khandelwal/Documents/Projects/Manipulator Control Using Reinforcement Learning/install/manipulator/share/manipulator/environment/path.dsv
[10.384s] -- Up-to-date: /home/shubh_khandelwal/Documents/Projects/Manipulator Control Using Reinforcement Learning/install/manipulator/share/manipulator/local_setup.bash
[10.384s] -- Up-to-date: /home/shubh_khandelwal/Documents/Projects/Manipulator Control Using Reinforcement Learning/install/manipulator/share/manipulator/local_setup.sh
[10.384s] -- Up-to-date: /home/shubh_khandelwal/Documents/Projects/Manipulator Control Using Reinforcement Learning/install/manipulator/share/manipulator/local_setup.zsh
[10.384s] -- Up-to-date: /home/shubh_khandelwal/Documents/Projects/Manipulator Control Using Reinforcement Learning/install/manipulator/share/manipulator/local_setup.dsv
[10.384s] -- Installing: /home/shubh_khandelwal/Documents/Projects/Manipulator Control Using Reinforcement Learning/install/manipulator/share/manipulator/package.dsv
[10.384s] -- Up-to-date: /home/shubh_khandelwal/Documents/Projects/Manipulator Control Using Reinforcement Learning/install/manipulator/share/ament_index/resource_index/packages/manipulator
[10.384s] -- Up-to-date: /home/shubh_khandelwal/Documents/Projects/Manipulator Control Using Reinforcement Learning/install/manipulator/share/manipulator/cmake/manipulatorConfig.cmake
[10.385s] -- Up-to-date: /home/shubh_khandelwal/Documents/Projects/Manipulator Control Using Reinforcement Learning/install/manipulator/share/manipulator/cmake/manipulatorConfig-version.cmake
[10.385s] -- Up-to-date: /home/shubh_khandelwal/Documents/Projects/Manipulator Control Using Reinforcement Learning/install/manipulator/share/manipulator/package.xml
[10.386s] Invoked command in '/home/shubh_khandelwal/Documents/Projects/Manipulator Control Using Reinforcement Learning/build/manipulator' returned '0': CMAKE_PREFIX_PATH=${CMAKE_PREFIX_PATH}:/opt/ros/jazzy DEBUGINFOD_URLS=https://debuginfod.ubuntu.com /usr/bin/cmake --install /home/shubh_khandelwal/Documents/Projects/Manipulator Control Using Reinforcement Learning/build/manipulator
